2025-05-06 18:53:47,381  root       get_pty         DEBUG    Pty name: /dev/pts/2
2025-05-06 18:53:47,381  root       run             INFO     

ELM327 OBD-II adapter emulator v3.0.4 started on pseudo-tty port "/dev/pts/2".

2025-05-06 18:54:50,993  root       run             DEBUG    Received 'ATZ'
2025-05-06 18:54:50,994  root       handle_request  DEBUG    Handling: 'ATZ', header '7E0', ECU '7E0'
2025-05-06 18:54:50,994  root       handle_request  DEBUG    Instantiating ECU task "Default ECU Task module" for ECU "7E0"
2025-05-06 18:54:50,997  root       handle_request  DEBUG    Description: AT RESET, PID AT_RESET (ATZ)
2025-05-06 18:54:50,998  root       reset           DEBUG    Resetting counters and sleeping for 0.5 seconds
2025-05-06 18:54:51,498  root       <module>        DEBUG    Reset and sleep 0.5 seconds
2025-05-06 18:54:51,498  root       handle_response DEBUG    Processing: '<writeln>\r\rELM327 v1.5</writeln>'
2025-05-06 18:54:51,498  root       handle_response DEBUG    Write: '\r\rELM327 v1.5\r\r>'
2025-05-06 18:54:51,994  root       run             DEBUG    Received 'ATE0'
2025-05-06 18:54:51,994  root       handle_request  DEBUG    Handling: 'ATE0', header '7E0', ECU '7E0'
2025-05-06 18:54:51,994  root       handle_request  DEBUG    Description: AT ECHO, PID AT_ECHO (ATE0)
2025-05-06 18:54:51,994  root       <module>        DEBUG    set ECHO ON/OFF : False
2025-05-06 18:54:51,995  root       handle_response DEBUG    Processing: '<writeln>OK</writeln>'
2025-05-06 18:54:51,995  root       handle_response DEBUG    Write: 'OK\r\r>'
2025-05-06 18:54:51,995  root       run             DEBUG    Received 'ATH1'
2025-05-06 18:54:51,995  root       handle_request  DEBUG    Handling: 'ATH1', header '7E0', ECU '7E0'
2025-05-06 18:54:51,995  root       handle_request  DEBUG    Description: AT HEADERS, PID AT_USE_HEADERS (ATH1)
2025-05-06 18:54:51,996  root       <module>        DEBUG    set HEADERS ON/OFF : True
2025-05-06 18:54:51,996  root       handle_response DEBUG    Processing: '<writeln>OK</writeln>'
2025-05-06 18:54:51,996  root       handle_response DEBUG    Write: 'OK\r\r>'
2025-05-06 18:54:51,996  root       run             DEBUG    Received 'ATL0'
2025-05-06 18:54:51,996  root       handle_request  DEBUG    Handling: 'ATL0', header '7E0', ECU '7E0'
2025-05-06 18:54:51,996  root       handle_request  DEBUG    Description: AT LINEFEEDS, PID AT_LINEFEEDS (ATL0)
2025-05-06 18:54:51,997  root       <module>        DEBUG    set LINEFEEDS ON/OFF : False
2025-05-06 18:54:51,997  root       handle_response DEBUG    Processing: '<writeln>OK</writeln>'
2025-05-06 18:54:51,997  root       handle_response DEBUG    Write: 'OK\r\r>'
2025-05-06 18:54:51,997  root       run             DEBUG    Received 'AT RV'
2025-05-06 18:54:51,997  root       handle_request  DEBUG    Handling: 'ATRV', header '7E0', ECU '7E0'
2025-05-06 18:54:51,997  root       handle_request  DEBUG    Description: AT read volt, PID AT_R_VOLT (ATRV)
2025-05-06 18:54:51,998  root       <module>        DEBUG    Volt = 13.1
2025-05-06 18:54:51,998  root       handle_response DEBUG    Processing: '<string>13.1</string><writeln>V</writeln>'
2025-05-06 18:54:51,998  root       handle_response DEBUG    Write: '13.1V\r\r>'
2025-05-06 18:54:51,998  root       run             DEBUG    Received 'ATSP0'
2025-05-06 18:54:51,998  root       handle_request  DEBUG    Handling: 'ATSP0', header '7E0', ECU '7E0'
2025-05-06 18:54:51,998  root       handle_request  DEBUG    Description: AT PROTO, PID AT_PROTO (ATSP0)
2025-05-06 18:54:51,999  root       <module>        DEBUG    set PROTO 0
2025-05-06 18:54:51,999  root       handle_response DEBUG    Processing: '<writeln>OK</writeln>'
2025-05-06 18:54:51,999  root       handle_response DEBUG    Write: 'OK\r\r>'
2025-05-06 18:54:52,998  root       run             DEBUG    Received '0100'
2025-05-06 18:54:52,998  root       handle_request  DEBUG    Handling: '0100', header '7E0', ECU '7E0'
2025-05-06 18:54:52,999  root       handle_request  DEBUG    Description: PIDS_A, PID ELM_PIDS_A (0100)
2025-05-06 18:54:52,999  root       handle_response DEBUG    Processing: '<string>SEARCHING...</string><exec>time.sleep(3)</exec><writeln></writeln><header>7EA</header><size>06</size><data>41 00 98 3A 80 13</data><pos_answer>BE 3F A8 13</pos_answer>'
2025-05-06 18:54:52,999  root       handle_response DEBUG    Write: 'SEARCHING...'
2025-05-06 18:54:55,999  root       handle_response DEBUG    Evaluated command: time.sleep(3) -> None
2025-05-06 18:54:55,999  root       handle_response DEBUG    Write: '\r7EA 06 41 00 98 3A 80 13 \r7E8 06 41 00 BE 3F A8 13 \r\r>'
2025-05-06 18:54:56,000  root       run             DEBUG    Received 'ATDPN'
2025-05-06 18:54:56,000  root       handle_request  DEBUG    Handling: 'ATDPN', header '7E0', ECU '7E0'
2025-05-06 18:54:56,000  root       handle_request  DEBUG    Description: AT Display Protocol Number, PID AT_DESCRIBE_PROTO_N (ATDPN)
2025-05-06 18:54:56,501  root       handle_response DEBUG    Processing: '<writeln>A6</writeln>'
2025-05-06 18:54:56,501  root       handle_response DEBUG    Write: 'A6\r\r>'
2025-05-06 18:54:56,501  root       run             DEBUG    Received '0100'
2025-05-06 18:54:56,502  root       handle_request  DEBUG    Handling: '0100', header '7E0', ECU '7E0'
2025-05-06 18:54:56,502  root       handle_request  DEBUG    Description: PIDS_A, PID ELM_PIDS_A (0100)
2025-05-06 18:54:56,502  root       handle_response DEBUG    Processing: '<header>7EA</header><size>06</size><data>41 00 98 3A 80 13</data><pos_answer>BE 3F A8 13</pos_answer>'
2025-05-06 18:54:56,502  root       handle_response DEBUG    Write: '7EA 06 41 00 98 3A 80 13 \r7E8 06 41 00 BE 3F A8 13 \r\r>'
2025-05-06 18:54:56,503  root       run             DEBUG    Received '0120'
2025-05-06 18:54:56,503  root       handle_request  DEBUG    Handling: '0120', header '7E0', ECU '7E0'
2025-05-06 18:54:56,503  root       handle_request  DEBUG    Description: PIDS_B, PID ELM_PIDS_B (0120)
2025-05-06 18:54:56,503  root       handle_response DEBUG    Processing: '<header>7EA</header><size>06</size><data>41 20 80 01 A0 01</data><pos_answer>90 15 B0 15</pos_answer>'
2025-05-06 18:54:56,503  root       handle_response DEBUG    Write: '7EA 06 41 20 80 01 A0 01 \r7E8 06 41 20 90 15 B0 15 \r\r>'
2025-05-06 18:54:56,503  root       run             DEBUG    Received '0140'
2025-05-06 18:54:56,503  root       handle_request  DEBUG    Handling: '0140', header '7E0', ECU '7E0'
2025-05-06 18:54:56,504  root       handle_request  DEBUG    Description: PIDS_C, PID ELM_PIDS_C (0140)
2025-05-06 18:54:56,504  root       handle_response DEBUG    Processing: '<header>7EA</header><size>06</size><data>41 40 44 CC 00 21</data><pos_answer>7A 1C 80 00</pos_answer>'
2025-05-06 18:54:56,504  root       handle_response DEBUG    Write: '7EA 06 41 40 44 CC 00 21 \r7E8 06 41 40 7A 1C 80 00 \r\r>'
2025-05-06 18:54:56,504  root       run             DEBUG    Received '0600'
2025-05-06 18:54:56,504  root       handle_request  DEBUG    Handling: '0600', header '7E0', ECU '7E0'
2025-05-06 18:54:56,504  root       handle_request  DEBUG    Description: MIDS_A, PID ELM_MIDS_A (0600)
2025-05-06 18:54:56,505  root       handle_response DEBUG    Processing: '<pos_answer>C0 00 00 01</pos_answer>'
2025-05-06 18:54:56,505  root       handle_response DEBUG    Write: '7E8 05 46 C0 00 00 01 \r\r>'
2025-05-06 18:54:56,505  root       run             DEBUG    Received '0900'
2025-05-06 18:54:56,505  root       handle_request  DEBUG    Handling: '0900', header '7E0', ECU '7E0'
2025-05-06 18:54:56,505  root       handle_request  DEBUG    Description: Supported PIDs [01-20], PID ELM_PIDS_9A (0900)
2025-05-06 18:54:56,505  root       handle_response DEBUG    Processing: '<header>7E8</header><size>06</size><data>49 00 55 40 00 00</data>'
2025-05-06 18:54:56,505  root       handle_response DEBUG    Write: '7E8 06 49 00 55 40 00 00 \r\r>'
2025-05-06 18:54:56,506  root       run             DEBUG    Received '010D'
2025-05-06 18:54:56,506  root       handle_request  DEBUG    Handling: '010D', header '7E0', ECU '7E0'
2025-05-06 18:54:56,506  root       handle_request  DEBUG    Description: Vehicle Speed, PID SPEED (010D)
2025-05-06 18:54:56,506  root       handle_response DEBUG    Processing: '<header>7E8</header><size>03</size><data>41 0D 0A</data>'
2025-05-06 18:54:56,506  root       handle_response DEBUG    Write: '7E8 03 41 0D 0A \r\r>'
2025-05-06 18:54:56,757  root       run             DEBUG    Received '010D'
2025-05-06 18:54:56,757  root       handle_request  DEBUG    Handling: '010D', header '7E0', ECU '7E0'
2025-05-06 18:54:56,757  root       handle_request  DEBUG    Description: Vehicle Speed, PID SPEED (010D)
2025-05-06 18:54:56,757  root       handle_response DEBUG    Processing: '<header>7E8</header><size>03</size><data>41 0D 37</data>'
2025-05-06 18:54:56,757  root       handle_response DEBUG    Write: '7E8 03 41 0D 37 \r\r>'
2025-05-06 18:54:57,008  root       run             DEBUG    Received '010D'
2025-05-06 18:54:57,008  root       handle_request  DEBUG    Handling: '010D', header '7E0', ECU '7E0'
2025-05-06 18:54:57,008  root       handle_request  DEBUG    Description: Vehicle Speed, PID SPEED (010D)
2025-05-06 18:54:57,008  root       handle_response DEBUG    Processing: '<header>7E8</header><size>03</size><data>41 0D 27</data>'
2025-05-06 18:54:57,008  root       handle_response DEBUG    Write: '7E8 03 41 0D 27 \r\r>'
2025-05-06 18:54:57,258  root       run             DEBUG    Received '010D'
2025-05-06 18:54:57,259  root       handle_request  DEBUG    Handling: '010D', header '7E0', ECU '7E0'
2025-05-06 18:54:57,259  root       handle_request  DEBUG    Description: Vehicle Speed, PID SPEED (010D)
2025-05-06 18:54:57,259  root       handle_response DEBUG    Processing: '<header>7E8</header><size>03</size><data>41 0D 33</data>'
2025-05-06 18:54:57,259  root       handle_response DEBUG    Write: '7E8 03 41 0D 33 \r\r>'
2025-05-06 18:54:57,533  root       run             DEBUG    Received '010D'
2025-05-06 18:54:57,533  root       handle_request  DEBUG    Handling: '010D', header '7E0', ECU '7E0'
2025-05-06 18:54:57,534  root       handle_request  DEBUG    Description: Vehicle Speed, PID SPEED (010D)
2025-05-06 18:54:57,534  root       handle_response DEBUG    Processing: '<header>7E8</header><size>03</size><data>41 0D 00</data>'
2025-05-06 18:54:57,534  root       handle_response DEBUG    Write: '7E8 03 41 0D 00 \r\r>'
2025-05-06 18:54:57,791  root       run             DEBUG    Received '010D'
2025-05-06 18:54:57,791  root       handle_request  DEBUG    Handling: '010D', header '7E0', ECU '7E0'
2025-05-06 18:54:57,791  root       handle_request  DEBUG    Description: Vehicle Speed, PID SPEED (010D)
2025-05-06 18:54:57,791  root       handle_response DEBUG    Processing: '<header>7E8</header><size>03</size><data>41 0D 44</data>'
2025-05-06 18:54:57,791  root       handle_response DEBUG    Write: '7E8 03 41 0D 44 \r\r>'
2025-05-06 18:54:58,042  root       run             DEBUG    Received '010D'
2025-05-06 18:54:58,042  root       handle_request  DEBUG    Handling: '010D', header '7E0', ECU '7E0'
2025-05-06 18:54:58,042  root       handle_request  DEBUG    Description: Vehicle Speed, PID SPEED (010D)
2025-05-06 18:54:58,042  root       handle_response DEBUG    Processing: '<header>7E8</header><size>03</size><data>41 0D 5C</data>'
2025-05-06 18:54:58,042  root       handle_response DEBUG    Write: '7E8 03 41 0D 5C \r\r>'
2025-05-06 18:54:58,293  root       run             DEBUG    Received '010D'
2025-05-06 18:54:58,293  root       handle_request  DEBUG    Handling: '010D', header '7E0', ECU '7E0'
2025-05-06 18:54:58,293  root       handle_request  DEBUG    Description: Vehicle Speed, PID SPEED (010D)
2025-05-06 18:54:58,293  root       handle_response DEBUG    Processing: '<header>7E8</header><size>03</size><data>41 0D 1D</data>'
2025-05-06 18:54:58,294  root       handle_response DEBUG    Write: '7E8 03 41 0D 1D \r\r>'
2025-05-06 18:54:58,544  root       run             DEBUG    Received '010D'
2025-05-06 18:54:58,544  root       handle_request  DEBUG    Handling: '010D', header '7E0', ECU '7E0'
2025-05-06 18:54:58,544  root       handle_request  DEBUG    Description: Vehicle Speed, PID SPEED (010D)
2025-05-06 18:54:58,545  root       handle_response DEBUG    Processing: '<header>7E8</header><size>03</size><data>41 0D 72</data>'
2025-05-06 18:54:58,545  root       handle_response DEBUG    Write: '7E8 03 41 0D 72 \r\r>'
2025-05-06 18:54:58,795  root       run             DEBUG    Received '010D'
2025-05-06 18:54:58,795  root       handle_request  DEBUG    Handling: '010D', header '7E0', ECU '7E0'
2025-05-06 18:54:58,796  root       handle_request  DEBUG    Description: Vehicle Speed, PID SPEED (010D)
2025-05-06 18:54:58,796  root       handle_response DEBUG    Processing: '<header>7E8</header><size>03</size><data>41 0D 48</data>'
2025-05-06 18:54:58,796  root       handle_response DEBUG    Write: '7E8 03 41 0D 48 \r\r>'
2025-05-06 18:54:59,046  root       run             DEBUG    Received '010D'
2025-05-06 18:54:59,047  root       handle_request  DEBUG    Handling: '010D', header '7E0', ECU '7E0'
2025-05-06 18:54:59,047  root       handle_request  DEBUG    Description: Vehicle Speed, PID SPEED (010D)
2025-05-06 18:54:59,047  root       handle_response DEBUG    Processing: '<header>7E8</header><size>03</size><data>41 0D 20</data>'
2025-05-06 18:54:59,047  root       handle_response DEBUG    Write: '7E8 03 41 0D 20 \r\r>'
2025-05-06 18:54:59,297  root       run             DEBUG    Received '010D'
2025-05-06 18:54:59,298  root       handle_request  DEBUG    Handling: '010D', header '7E0', ECU '7E0'
2025-05-06 18:54:59,298  root       handle_request  DEBUG    Description: Vehicle Speed, PID SPEED (010D)
2025-05-06 18:54:59,298  root       handle_response DEBUG    Processing: '<header>7E8</header><size>03</size><data>41 0D 29</data>'
2025-05-06 18:54:59,298  root       handle_response DEBUG    Write: '7E8 03 41 0D 29 \r\r>'
2025-05-06 18:54:59,548  root       run             DEBUG    Received '010D'
2025-05-06 18:54:59,549  root       handle_request  DEBUG    Handling: '010D', header '7E0', ECU '7E0'
2025-05-06 18:54:59,549  root       handle_request  DEBUG    Description: Vehicle Speed, PID SPEED (010D)
2025-05-06 18:54:59,549  root       handle_response DEBUG    Processing: '<header>7E8</header><size>03</size><data>41 0D 0E</data>'
2025-05-06 18:54:59,549  root       handle_response DEBUG    Write: '7E8 03 41 0D 0E \r\r>'
2025-05-06 18:55:03,362  root       run             DEBUG    Received '010D'
2025-05-06 18:55:03,362  root       handle_request  DEBUG    Handling: '010D', header '7E0', ECU '7E0'
2025-05-06 18:55:03,362  root       handle_request  DEBUG    Description: Vehicle Speed, PID SPEED (010D)
2025-05-06 18:55:03,363  root       handle_response DEBUG    Processing: '<header>7E8</header><size>03</size><data>41 0D 0A</data>'
2025-05-06 18:55:03,363  root       handle_response DEBUG    Write: '7E8 03 41 0D 0A \r\r>'
2025-05-06 18:55:03,614  root       run             DEBUG    Received '010D'
2025-05-06 18:55:03,614  root       handle_request  DEBUG    Handling: '010D', header '7E0', ECU '7E0'
2025-05-06 18:55:03,614  root       handle_request  DEBUG    Description: Vehicle Speed, PID SPEED (010D)
2025-05-06 18:55:03,615  root       handle_response DEBUG    Processing: '<header>7E8</header><size>03</size><data>41 0D 37</data>'
2025-05-06 18:55:03,615  root       handle_response DEBUG    Write: '7E8 03 41 0D 37 \r\r>'
